<?xml version="1.0" encoding="UTF-8"?>
<!-- Generated by org.testng.reporters.JUnitXMLReporter -->
<testsuite ignored="0" hostname="LTIN589072" failures="1" tests="1" name="Login Test" time="5.252" errors="0" timestamp="2025-05-28T11:36:33 IST">
  <testcase classname="tests.LoginTest" name="loginTest" time="0.025">
    <failure type="java.io.FileNotFoundException" message="testdata\TestData.xlsx (The system cannot find the file specified)">
      <![CDATA[java.io.FileNotFoundException: testdata\TestData.xlsx (The system cannot find the file specified)
at java.base/java.io.FileInputStream.open0(Native Method)
at java.base/java.io.FileInputStream.open(FileInputStream.java:213)
at java.base/java.io.FileInputStream.<init>(FileInputStream.java:152)
at java.base/java.io.FileInputStream.<init>(FileInputStream.java:106)
at utilities.ExcelUtils.getCellData(ExcelUtils.java:20)
at tests.LoginTest.loginTest(LoginTest.java:20)
at java.base/java.util.ArrayList.forEach(ArrayList.java:1596)
... Removed 25 stack frames]]>
    </failure>
  </testcase> <!-- loginTest -->
</testsuite> <!-- Login Test -->
